<?xml version="1.0" encoding="UTF-8"?>
<!-- Generated by org.testng.reporters.JUnitXMLReporter -->
<testsuite ignored="0" hostname="DESKTOP-2J0JQFS" failures="1" tests="2" name="Surefire test" time="58.28" errors="0" timestamp="2023-12-24T23:51:49 IST">
  <testcase classname="TestCases.Test_InvalidLogin" name="test_InvalidLogin" time="23.422">
    <failure type="java.lang.AssertionError" message="invalid login error message not displayed expected [true] but found [false]">
      <![CDATA[java.lang.AssertionError: invalid login error message not displayed expected [true] but found [false]
at TestCases.Test_InvalidLogin.test_InvalidLogin(Test_InvalidLogin.java:29)
at java.base/java.util.ArrayList.forEach(ArrayList.java:1511)
... Removed 35 stack frames]]>
    </failure>
  </testcase> <!-- test_InvalidLogin -->
  <testcase classname="TestCases.Test_ValidLogin" name="test_validLogin" time="3.509"/>
</testsuite> <!-- Surefire test -->
